This file contains any messages produced by compilers while
running configure, to aid debugging if configure makes a mistake.

It was created by configure, which was
generated by GNU Autoconf 2.69.  Invocation command line was

  $ ./configure 

## --------- ##
## Platform. ##
## --------- ##

hostname = z2r5p4.le-101.fr
uname -m = x86_64
uname -r = 16.7.0
uname -s = Darwin
uname -v = Darwin Kernel Version 16.7.0: Thu Dec 20 21:53:35 PST 2018; root:xnu-3789.73.31~1/RELEASE_X86_64

/usr/bin/uname -p = i386
/bin/uname -X     = unknown

/bin/arch              = unknown
/usr/bin/arch -k       = unknown
/usr/convex/getsysinfo = unknown
/usr/bin/hostinfo      = Mach kernel version:
	 Darwin Kernel Version 16.7.0: Thu Dec 20 21:53:35 PST 2018; root:xnu-3789.73.31~1/RELEASE_X86_64
Kernel configured for up to 4 processors.
4 processors are physically available.
4 processors are logically available.
Processor type: x86_64h (Intel x86-64h Haswell)
Processors active: 0 1 2 3
Primary memory available: 8.00 gigabytes
Default processor set: 220 tasks, 1136 threads, 4 processors
Load average: 2.36, Mach factor: 2.29
/bin/machine           = unknown
/usr/bin/oslevel       = unknown
/bin/universe          = unknown

PATH: /usr/local/bin
PATH: /usr/bin
PATH: /bin
PATH: /usr/sbin
PATH: /sbin
PATH: /opt/X11/bin
PATH: /usr/local/munki


## ----------- ##
## Core tests. ##
## ----------- ##

configure:2493: checking build system type
configure:2507: result: x86_64-apple-darwin16.7.0
configure:2527: checking host system type
configure:2540: result: x86_64-apple-darwin16.7.0
configure:2608: checking for gcc
configure:2624: found /usr/bin/gcc
configure:2635: result: gcc
configure:2864: checking for C compiler version
configure:2873: gcc --version >&5
Apple LLVM version 9.0.0 (clang-900.0.39.2)
Target: x86_64-apple-darwin16.7.0
Thread model: posix
InstalledDir: /Applications/Xcode.app/Contents/Developer/Toolchains/XcodeDefault.xctoolchain/usr/bin
Configured with: --prefix=/Applications/Xcode.app/Contents/Developer/usr --with-gxx-include-dir=/usr/include/c++/4.2.1
configure:2884: $? = 0
configure:2873: gcc -v >&5
Configured with: --prefix=/Applications/Xcode.app/Contents/Developer/usr --with-gxx-include-dir=/usr/include/c++/4.2.1
Apple LLVM version 9.0.0 (clang-900.0.39.2)
Target: x86_64-apple-darwin16.7.0
Thread model: posix
InstalledDir: /Applications/Xcode.app/Contents/Developer/Toolchains/XcodeDefault.xctoolchain/usr/bin
configure:2884: $? = 0
configure:2873: gcc -V >&5
clang: error: argument to '-V' is missing (expected 1 value)
clang: error: no input files
configure:2884: $? = 1
configure:2873: gcc -qversion >&5
clang: error: unknown argument: '-qversion'
clang: error: no input files
configure:2884: $? = 1
configure:2904: checking whether the C compiler works
configure:2926: gcc    conftest.c  >&5
configure:2930: $? = 0
configure:2978: result: yes
configure:2981: checking for C compiler default output file name
configure:2983: result: a.out
configure:2989: checking for suffix of executables
configure:2996: gcc -o conftest    conftest.c  >&5
configure:3000: $? = 0
configure:3022: result: 
configure:3044: checking whether we are cross compiling
configure:3052: gcc -o conftest    conftest.c  >&5
configure:3056: $? = 0
configure:3063: ./conftest
configure:3067: $? = 0
configure:3082: result: no
configure:3087: checking for suffix of object files
configure:3109: gcc -c   conftest.c >&5
configure:3113: $? = 0
configure:3134: result: o
configure:3138: checking whether we are using the GNU C compiler
configure:3157: gcc -c   conftest.c >&5
configure:3157: $? = 0
configure:3166: result: yes
configure:3175: checking whether gcc accepts -g
configure:3195: gcc -c -g  conftest.c >&5
configure:3195: $? = 0
configure:3236: result: yes
configure:3253: checking for gcc option to accept ISO C89
configure:3316: gcc  -c -g -O2  conftest.c >&5
configure:3316: $? = 0
configure:3329: result: none needed
configure:3349: checking for a sed that does not truncate output
configure:3413: result: /usr/bin/sed
configure:3431: checking for grep that handles long lines and -e
configure:3489: result: /usr/bin/grep
configure:3494: checking for egrep
configure:3556: result: /usr/bin/grep -E
configure:3561: checking for fgrep
configure:3623: result: /usr/bin/grep -F
configure:3658: checking for ld used by gcc
configure:3725: result: /Applications/Xcode.app/Contents/Developer/Toolchains/XcodeDefault.xctoolchain/usr/bin/ld
configure:3732: checking if the linker (/Applications/Xcode.app/Contents/Developer/Toolchains/XcodeDefault.xctoolchain/usr/bin/ld) is GNU ld
configure:3747: result: no
configure:3759: checking for BSD- or MS-compatible name lister (nm)
configure:3808: result: /usr/bin/nm -B
configure:3926: checking the name lister (/usr/bin/nm -B) interface
configure:3933: gcc -c -g -O2  conftest.c >&5
configure:3936: /usr/bin/nm -B "conftest.o"
configure:3939: output
00000000000001e4 S _some_variable
configure:3946: result: BSD nm
configure:3949: checking whether ln -s works
configure:3953: result: yes
configure:3961: checking the maximum length of command line arguments
configure:4087: result: 196608
configure:4104: checking whether the shell understands some XSI constructs
configure:4114: result: yes
configure:4118: checking whether the shell understands "+="
configure:4124: result: yes
configure:4159: checking for /Applications/Xcode.app/Contents/Developer/Toolchains/XcodeDefault.xctoolchain/usr/bin/ld option to reload object files
configure:4166: result: -r
configure:4235: checking for objdump
configure:4251: found /usr/bin/objdump
configure:4262: result: objdump
configure:4291: checking how to recognize dependent libraries
configure:4489: result: pass_all
configure:4549: checking for ar
configure:4565: found /usr/bin/ar
configure:4576: result: ar
configure:4654: checking for strip
configure:4670: found /usr/bin/strip
configure:4681: result: strip
configure:4753: checking for ranlib
configure:4769: found /usr/bin/ranlib
configure:4780: result: ranlib
configure:4870: checking command to parse /usr/bin/nm -B output from gcc object
configure:4988: gcc -c -g -O2  conftest.c >&5
configure:4991: $? = 0
configure:4995: /usr/bin/nm -B conftest.o \| sed -n -e 's/^.*[	 ]\([BCDEGRST][BCDEGRST]*\)[	 ][	 ]*\([_A-Za-z][_A-Za-z0-9]*\)$/\1 \2 \2/p' \> conftest.nm
configure:4998: $? = 0
cannot find nm_test_var in conftest.nm
configure:4988: gcc -c -g -O2  conftest.c >&5
configure:4991: $? = 0
configure:4995: /usr/bin/nm -B conftest.o \| sed -n -e 's/^.*[	 ]\([BCDEGRST][BCDEGRST]*\)[	 ][	 ]*_\([_A-Za-z][_A-Za-z0-9]*\)$/\1 _\2 \2/p' \> conftest.nm
configure:4998: $? = 0
configure:5052: gcc -o conftest -g -O2   conftest.c conftstm.o >&5
warning: (x86_64)  could not find object file symbol for symbol _main
configure:5055: $? = 0
configure:5093: result: ok
configure:5361: checking for dsymutil
configure:5377: found /usr/bin/dsymutil
configure:5388: result: dsymutil
configure:5453: checking for nmedit
configure:5469: found /usr/bin/nmedit
configure:5480: result: nmedit
configure:5545: checking for lipo
configure:5561: found /usr/bin/lipo
configure:5572: result: lipo
configure:5637: checking for otool
configure:5653: found /usr/bin/otool
configure:5664: result: otool
configure:5729: checking for otool64
configure:5759: result: no
configure:5804: checking for -single_module linker flag
gcc -g -O2  -o libconftest.dylib -dynamiclib -Wl,-single_module conftest.c
configure:5831: result: yes
configure:5833: checking for -exported_symbols_list linker flag
configure:5853: gcc -o conftest -g -O2   -Wl,-exported_symbols_list,conftest.sym conftest.c  >&5
configure:5853: $? = 0
configure:5863: result: yes
configure:5905: checking how to run the C preprocessor
configure:5936: gcc -E  conftest.c
configure:5936: $? = 0
configure:5950: gcc -E  conftest.c
conftest.c:9:10: fatal error: 'ac_nonexistent.h' file not found
#include <ac_nonexistent.h>
         ^~~~~~~~~~~~~~~~~~
1 error generated.
configure:5950: $? = 1
configure: failed program was:
| /* confdefs.h */
| #define PACKAGE_NAME ""
| #define PACKAGE_TARNAME ""
| #define PACKAGE_VERSION ""
| #define PACKAGE_STRING ""
| #define PACKAGE_BUGREPORT ""
| #define PACKAGE_URL ""
| /* end confdefs.h.  */
| #include <ac_nonexistent.h>
configure:5975: result: gcc -E
configure:5995: gcc -E  conftest.c
configure:5995: $? = 0
configure:6009: gcc -E  conftest.c
conftest.c:9:10: fatal error: 'ac_nonexistent.h' file not found
#include <ac_nonexistent.h>
         ^~~~~~~~~~~~~~~~~~
1 error generated.
configure:6009: $? = 1
configure: failed program was:
| /* confdefs.h */
| #define PACKAGE_NAME ""
| #define PACKAGE_TARNAME ""
| #define PACKAGE_VERSION ""
| #define PACKAGE_STRING ""
| #define PACKAGE_BUGREPORT ""
| #define PACKAGE_URL ""
| /* end confdefs.h.  */
| #include <ac_nonexistent.h>
configure:6038: checking for ANSI C header files
configure:6058: gcc -c -g -O2  conftest.c >&5
configure:6058: $? = 0
configure:6131: gcc -o conftest -g -O2   conftest.c  >&5
configure:6131: $? = 0
configure:6131: ./conftest
configure:6131: $? = 0
configure:6142: result: yes
configure:6155: checking for sys/types.h
configure:6155: gcc -c -g -O2  conftest.c >&5
configure:6155: $? = 0
configure:6155: result: yes
configure:6155: checking for sys/stat.h
configure:6155: gcc -c -g -O2  conftest.c >&5
configure:6155: $? = 0
configure:6155: result: yes
configure:6155: checking for stdlib.h
configure:6155: gcc -c -g -O2  conftest.c >&5
configure:6155: $? = 0
configure:6155: result: yes
configure:6155: checking for string.h
configure:6155: gcc -c -g -O2  conftest.c >&5
configure:6155: $? = 0
configure:6155: result: yes
configure:6155: checking for memory.h
configure:6155: gcc -c -g -O2  conftest.c >&5
configure:6155: $? = 0
configure:6155: result: yes
configure:6155: checking for strings.h
configure:6155: gcc -c -g -O2  conftest.c >&5
configure:6155: $? = 0
configure:6155: result: yes
configure:6155: checking for inttypes.h
configure:6155: gcc -c -g -O2  conftest.c >&5
configure:6155: $? = 0
configure:6155: result: yes
configure:6155: checking for stdint.h
configure:6155: gcc -c -g -O2  conftest.c >&5
configure:6155: $? = 0
configure:6155: result: yes
configure:6155: checking for unistd.h
configure:6155: gcc -c -g -O2  conftest.c >&5
configure:6155: $? = 0
configure:6155: result: yes
configure:6169: checking for dlfcn.h
configure:6169: gcc -c -g -O2  conftest.c >&5
configure:6169: $? = 0
configure:6169: result: yes
configure:6651: checking for objdir
configure:6666: result: .libs
configure:6962: checking if gcc supports -fno-rtti -fno-exceptions
configure:6980: gcc -c -g -O2  -fno-rtti -fno-exceptions conftest.c >&5
configure:6984: $? = 0
configure:6997: result: yes
configure:7017: checking for gcc option to produce PIC
configure:7289: result: -fno-common -DPIC
configure:7301: checking if gcc PIC flag -fno-common -DPIC works
configure:7319: gcc -c -g -O2  -fno-common -DPIC -DPIC conftest.c >&5
configure:7323: $? = 0
configure:7336: result: yes
configure:7360: checking if gcc static flag -static works
configure:7388: result: no
configure:7403: checking if gcc supports -c -o file.o
configure:7424: gcc -c -g -O2  -o out/conftest2.o conftest.c >&5
configure:7428: $? = 0
configure:7450: result: yes
configure:7458: checking if gcc supports -c -o file.o
configure:7505: result: yes
configure:7538: checking whether the gcc linker (/Applications/Xcode.app/Contents/Developer/Toolchains/XcodeDefault.xctoolchain/usr/bin/ld) supports shared libraries
configure:8524: result: yes
configure:8763: checking dynamic linker characteristics
configure:9416: result: darwin16.7.0 dyld
configure:9518: checking how to hardcode library paths into programs
configure:9543: result: immediate
configure:10063: checking whether stripping libraries is possible
configure:10077: result: yes
configure:10103: checking if libtool supports shared libraries
configure:10105: result: yes
configure:10108: checking whether to build shared libraries
configure:10129: result: yes
configure:10132: checking whether to build static libraries
configure:10136: result: yes
configure:10262: checking for gcc
configure:10289: result: gcc
configure:10518: checking for C compiler version
configure:10527: gcc --version >&5
Apple LLVM version 9.0.0 (clang-900.0.39.2)
Target: x86_64-apple-darwin16.7.0
Thread model: posix
InstalledDir: /Applications/Xcode.app/Contents/Developer/Toolchains/XcodeDefault.xctoolchain/usr/bin
Configured with: --prefix=/Applications/Xcode.app/Contents/Developer/usr --with-gxx-include-dir=/usr/include/c++/4.2.1
configure:10538: $? = 0
configure:10527: gcc -v >&5
Configured with: --prefix=/Applications/Xcode.app/Contents/Developer/usr --with-gxx-include-dir=/usr/include/c++/4.2.1
Apple LLVM version 9.0.0 (clang-900.0.39.2)
Target: x86_64-apple-darwin16.7.0
Thread model: posix
InstalledDir: /Applications/Xcode.app/Contents/Developer/Toolchains/XcodeDefault.xctoolchain/usr/bin
configure:10538: $? = 0
configure:10527: gcc -V >&5
clang: error: argument to '-V' is missing (expected 1 value)
clang: error: no input files
configure:10538: $? = 1
configure:10527: gcc -qversion >&5
clang: error: unknown argument: '-qversion'
clang: error: no input files
configure:10538: $? = 1
configure:10542: checking whether we are using the GNU C compiler
configure:10570: result: yes
configure:10579: checking whether gcc accepts -g
configure:10640: result: yes
configure:10657: checking for gcc option to accept ISO C89
configure:10733: result: none needed
configure:10767: checking for a BSD-compatible install
configure:10835: result: /usr/bin/install -c
configure:10846: checking whether make sets $(MAKE)
configure:10868: result: yes
configure:10886: checking for windres
configure:10916: result: no
configure:10886: checking for darwin16.7.0-windres
configure:10916: result: no
configure:10953: checking for an ANSI C-conforming const
configure:11019: gcc -c -g -O2  -D_GNU_SOURCE=1   -D_GNU_SOURCE=1 conftest.c >&5
configure:11019: $? = 0
configure:11026: result: yes
configure:11044: checking for GCC -MMD -MT option
configure:11062: gcc -c -g -O2  -D_GNU_SOURCE=1   -D_GNU_SOURCE=1 conftest.c >&5
configure:11062: $? = 0
configure:11068: result: yes
configure:11214: checking for pkg-config
configure:11247: result: no
configure:11310: checking for SDL
configure:11405: checking for sdl2-config
configure:11436: result: no
configure:11445: checking for SDL - version >= 2.0.7
configure:11551: result: no
configure:11615: error: *** SDL version 2.0.7 not found!

## ---------------- ##
## Cache variables. ##
## ---------------- ##

ac_cv_build=x86_64-apple-darwin16.7.0
ac_cv_c_compiler_gnu=yes
ac_cv_c_const=yes
ac_cv_env_CC_set=
ac_cv_env_CC_value=
ac_cv_env_CFLAGS_set=
ac_cv_env_CFLAGS_value=
ac_cv_env_CPPFLAGS_set=
ac_cv_env_CPPFLAGS_value=
ac_cv_env_CPP_set=
ac_cv_env_CPP_value=
ac_cv_env_LDFLAGS_set=
ac_cv_env_LDFLAGS_value=
ac_cv_env_LIBS_set=
ac_cv_env_LIBS_value=
ac_cv_env_MODPLUG_CFLAGS_set=
ac_cv_env_MODPLUG_CFLAGS_value=
ac_cv_env_MODPLUG_LIBS_set=
ac_cv_env_MODPLUG_LIBS_value=
ac_cv_env_PKG_CONFIG_set=
ac_cv_env_PKG_CONFIG_value=
ac_cv_env_SDL_CFLAGS_set=
ac_cv_env_SDL_CFLAGS_value=
ac_cv_env_SDL_LIBS_set=
ac_cv_env_SDL_LIBS_value=
ac_cv_env_build_alias_set=
ac_cv_env_build_alias_value=
ac_cv_env_host_alias_set=
ac_cv_env_host_alias_value=
ac_cv_env_target_alias_set=
ac_cv_env_target_alias_value=
ac_cv_header_dlfcn_h=yes
ac_cv_header_inttypes_h=yes
ac_cv_header_memory_h=yes
ac_cv_header_stdc=yes
ac_cv_header_stdint_h=yes
ac_cv_header_stdlib_h=yes
ac_cv_header_string_h=yes
ac_cv_header_strings_h=yes
ac_cv_header_sys_stat_h=yes
ac_cv_header_sys_types_h=yes
ac_cv_header_unistd_h=yes
ac_cv_host=x86_64-apple-darwin16.7.0
ac_cv_objext=o
ac_cv_path_EGREP='/usr/bin/grep -E'
ac_cv_path_FGREP='/usr/bin/grep -F'
ac_cv_path_GREP=/usr/bin/grep
ac_cv_path_SDL2_CONFIG=no
ac_cv_path_SED=/usr/bin/sed
ac_cv_path_install='/usr/bin/install -c'
ac_cv_prog_CPP='gcc -E'
ac_cv_prog_ac_ct_AR=ar
ac_cv_prog_ac_ct_CC=gcc
ac_cv_prog_ac_ct_DSYMUTIL=dsymutil
ac_cv_prog_ac_ct_LIPO=lipo
ac_cv_prog_ac_ct_NMEDIT=nmedit
ac_cv_prog_ac_ct_OBJDUMP=objdump
ac_cv_prog_ac_ct_OTOOL=otool
ac_cv_prog_ac_ct_RANLIB=ranlib
ac_cv_prog_ac_ct_STRIP=strip
ac_cv_prog_cc_c89=
ac_cv_prog_cc_g=yes
ac_cv_prog_make_make_set=yes
lt_cv_apple_cc_single_mod=yes
lt_cv_deplibs_check_method=pass_all
lt_cv_file_magic_cmd='$MAGIC_CMD'
lt_cv_file_magic_test_file=
lt_cv_ld_exported_symbols_list=yes
lt_cv_ld_reload_flag=-r
lt_cv_nm_interface='BSD nm'
lt_cv_objdir=.libs
lt_cv_path_LD=/Applications/Xcode.app/Contents/Developer/Toolchains/XcodeDefault.xctoolchain/usr/bin/ld
lt_cv_path_NM='/usr/bin/nm -B'
lt_cv_prog_compiler_c_o=yes
lt_cv_prog_compiler_pic_works=yes
lt_cv_prog_compiler_rtti_exceptions=yes
lt_cv_prog_compiler_static_works=no
lt_cv_prog_gnu_ld=no
lt_cv_sys_global_symbol_pipe='sed -n -e '\''s/^.*[	 ]\([BCDEGRST][BCDEGRST]*\)[	 ][	 ]*_\([_A-Za-z][_A-Za-z0-9]*\)$/\1 _\2 \2/p'\'''
lt_cv_sys_global_symbol_to_c_name_address='sed -n -e '\''s/^: \([^ ]*\) $/  {\"\1\", (void *) 0},/p'\'' -e '\''s/^[BCDEGRST]* \([^ ]*\) \([^ ]*\)$/  {"\2", (void *) \&\2},/p'\'''
lt_cv_sys_global_symbol_to_c_name_address_lib_prefix='sed -n -e '\''s/^: \([^ ]*\) $/  {\"\1\", (void *) 0},/p'\'' -e '\''s/^[BCDEGRST]* \([^ ]*\) \(lib[^ ]*\)$/  {"\2", (void *) \&\2},/p'\'' -e '\''s/^[BCDEGRST]* \([^ ]*\) \([^ ]*\)$/  {"lib\2", (void *) \&\2},/p'\'''
lt_cv_sys_global_symbol_to_cdecl='sed -n -e '\''s/^T .* \(.*\)$/extern int \1();/p'\'' -e '\''s/^[BCDEGRST]* .* \(.*\)$/extern char \1;/p'\'''
lt_cv_sys_max_cmd_len=196608

## ----------------- ##
## Output variables. ##
## ----------------- ##

AR='ar'
AS='as'
BINARY_AGE='2'
BUILD_CFLAGS='-g -O2 '
BUILD_LDFLAGS=''
CC='gcc'
CFLAGS='-g -O2  -D_GNU_SOURCE=1'
CPP='gcc -E'
CPPFLAGS='  -D_GNU_SOURCE=1'
DEFS=''
DLLTOOL='dlltool'
DSYMUTIL='dsymutil'
DUMPBIN=''
ECHO_C='\c'
ECHO_N=''
ECHO_T=''
EGREP='/usr/bin/grep -E'
EXE=''
EXEEXT=''
EXTRA_CFLAGS=' -D_GNU_SOURCE=1'
EXTRA_LDFLAGS=''
FGREP='/usr/bin/grep -F'
GREP='/usr/bin/grep'
INSTALL_DATA='${INSTALL} -m 644'
INSTALL_PROGRAM='${INSTALL}'
INSTALL_SCRIPT='${INSTALL}'
INTERFACE_AGE='0'
LD='/Applications/Xcode.app/Contents/Developer/Toolchains/XcodeDefault.xctoolchain/usr/bin/ld'
LDFLAGS=' '
LIBMIKMOD_CONFIG=''
LIBOBJS=''
LIBS=''
LIBTOOL='$(SHELL) $(top_builddir)/libtool'
LIPO='lipo'
LN_S='ln -s'
LTLIBOBJS=''
LT_AGE='2'
LT_CURRENT='2'
LT_RELEASE='2.0'
LT_REVISION='0'
MAJOR_VERSION='2'
MICRO_VERSION='2'
MINOR_VERSION='0'
MODPLUG_CFLAGS=''
MODPLUG_LIBS=''
NM='/usr/bin/nm -B'
NMEDIT='nmedit'
OBJDUMP='objdump'
OBJECTS=''
OBJEXT='o'
OTOOL64=':'
OTOOL='otool'
PACKAGE_BUGREPORT=''
PACKAGE_NAME=''
PACKAGE_STRING=''
PACKAGE_TARNAME=''
PACKAGE_URL=''
PACKAGE_VERSION=''
PATH_SEPARATOR=':'
PKG_CONFIG=''
PLAYMUS_OBJECTS=''
PLAYWAVE_OBJECTS=''
RANLIB='ranlib'
SDL2_CONFIG='no'
SDL_CFLAGS=''
SDL_LIBS=''
SDL_VERSION='2.0.7'
SED='/usr/bin/sed'
SET_MAKE=''
SHELL='/bin/sh'
SMPEG_CFLAGS=''
SMPEG_CONFIG=''
SMPEG_LIBS=''
STRIP='strip'
VERSION='2.0.2'
VERSION_OBJECTS=''
WINDRES=''
ac_aux_dir='./build-scripts'
ac_ct_CC='gcc'
ac_ct_DUMPBIN=''
bindir='${exec_prefix}/bin'
build='x86_64-apple-darwin16.7.0'
build_alias=''
build_cpu='x86_64'
build_os='darwin16.7.0'
build_vendor='apple'
datadir='${datarootdir}'
datarootdir='${prefix}/share'
docdir='${datarootdir}/doc/${PACKAGE}'
dvidir='${docdir}'
exec_prefix='NONE'
host='x86_64-apple-darwin16.7.0'
host_alias=''
host_cpu='x86_64'
host_os='darwin16.7.0'
host_vendor='apple'
htmldir='${docdir}'
includedir='${prefix}/include'
infodir='${datarootdir}/info'
libdir='${exec_prefix}/lib'
libexecdir='${exec_prefix}/libexec'
localedir='${datarootdir}/locale'
localstatedir='${prefix}/var'
lt_ECHO='/bin/echo'
mandir='${datarootdir}/man'
oldincludedir='/usr/include'
pdfdir='${docdir}'
prefix='NONE'
program_transform_name='s,x,x,'
psdir='${docdir}'
sbindir='${exec_prefix}/sbin'
sharedstatedir='${prefix}/com'
sysconfdir='${prefix}/etc'
target_alias=''

## ----------- ##
## confdefs.h. ##
## ----------- ##

/* confdefs.h */
#define PACKAGE_NAME ""
#define PACKAGE_TARNAME ""
#define PACKAGE_VERSION ""
#define PACKAGE_STRING ""
#define PACKAGE_BUGREPORT ""
#define PACKAGE_URL ""
#define STDC_HEADERS 1
#define HAVE_SYS_TYPES_H 1
#define HAVE_SYS_STAT_H 1
#define HAVE_STDLIB_H 1
#define HAVE_STRING_H 1
#define HAVE_MEMORY_H 1
#define HAVE_STRINGS_H 1
#define HAVE_INTTYPES_H 1
#define HAVE_STDINT_H 1
#define HAVE_UNISTD_H 1
#define HAVE_DLFCN_H 1
#define LT_OBJDIR ".libs/"

configure: exit 1
